<?xml version="1.0" encoding="UTF-8"?>
<!-- Generated by org.testng.reporters.JUnitXMLReporter -->
<testsuite ignored="4" hostname="QT-INBG-LT0143" failures="1" tests="5" name="module6" time="64.547" errors="0" timestamp="2021-03-25T10:32:10 IST">
  <testcase classname="module6.Activity_update" name="activity" time="9.694"/>
  <testcase classname="module6.Kudo_Count" name="testcase" time="7.823">
    <failure type="java.lang.NumberFormatException" message="For input string: &amp;quot;&amp;quot;">
      <![CDATA[java.lang.NumberFormatException: For input string: ""
at java.base/java.lang.NumberFormatException.forInputString(NumberFormatException.java:68)
at java.base/java.lang.Integer.parseInt(Integer.java:662)
at java.base/java.lang.Integer.parseInt(Integer.java:770)
at module6.Kudo_Count.sendkudo(Kudo_Count.java:26)
at module6.Kudo_Count.testcase(Kudo_Count.java:45)
at java.base/java.util.ArrayList.forEach(ArrayList.java:1511)
... Removed 27 stack frames]]>
    </failure>
  </testcase> <!-- testcase -->
  <testcase classname="module6.Kudos_from_me" name="kudofromme" time="15.414"/>
  <testcase classname="module6.Kudos_to_me" name="kudotome" time="10.795"/>
  <testcase classname="module6.Kudos_toHimself" name="sendkudos" time="20.81"/>
  <testcase classname="resources.base" name="@BeforeSuite bsuite" time="0.0">
    <ignored/>
  </testcase> <!-- @BeforeSuite bsuite -->
  <testcase classname="resources.base" name="@BeforeSuite bsuite" time="0.0">
    <ignored/>
  </testcase> <!-- @BeforeSuite bsuite -->
  <testcase classname="resources.base" name="@BeforeSuite bsuite" time="0.0">
    <ignored/>
  </testcase> <!-- @BeforeSuite bsuite -->
  <testcase classname="resources.base" name="@BeforeSuite bsuite" time="0.0">
    <ignored/>
  </testcase> <!-- @BeforeSuite bsuite -->
</testsuite> <!-- module6 -->
