<?xml version="1.0" encoding="UTF-8"?>
<!-- Generated by org.testng.reporters.JUnitXMLReporter -->
<testsuite ignored="1" hostname="QT-INBG-LT0143" failures="0" tests="2" name="module2" time="65.463" errors="0" timestamp="2021-03-25T10:39:09 IST">
  <testcase classname="module2.Activity_page" name="NameINLeft" time="41.931"/>
  <testcase classname="module2.CheckTitle_activity" name="activity_title" time="23.523"/>
  <testcase classname="resources.base" name="@BeforeSuite bsuite" time="0.0">
    <ignored/>
  </testcase> <!-- @BeforeSuite bsuite -->
</testsuite> <!-- module2 -->
