<?xml version="1.0" encoding="UTF-8"?>
<testng-results ignored="0" total="1" passed="1" failed="0" skipped="0">
  <reporter-output>
  </reporter-output>
  <suite started-at="2021-03-30T17:05:04 IST" name="Suite" finished-at="2021-03-30T17:05:25 IST" duration-ms="20611">
    <groups>
      <group name="cucumber">
        <method signature="AbstractTestNGCucumberTests.feature(cucumber.api.testng.CucumberFeatureWrapper)[pri:0, instance:cucumberOptions.TestRunner@581ac8a8]" name="feature" class="cucumber.api.testng.AbstractTestNGCucumberTests"/>
      </group> <!-- cucumber -->
    </groups>
    <test started-at="2021-03-30T17:05:04 IST" name="Set A" finished-at="2021-03-30T17:05:25 IST" duration-ms="20611">
      <class name="cucumberOptions.TestRunner">
        <test-method is-config="true" signature="setUpClass()[pri:0, instance:cucumberOptions.TestRunner@581ac8a8]" started-at="2021-03-30T17:05:04 IST" name="setUpClass" finished-at="2021-03-30T17:05:05 IST" duration-ms="588" status="PASS">
          <reporter-output>
          </reporter-output>
        </test-method> <!-- setUpClass -->
        <test-method signature="feature(cucumber.api.testng.CucumberFeatureWrapper)[pri:0, instance:cucumberOptions.TestRunner@581ac8a8]" started-at="2021-03-30T17:05:05 IST" name="feature" description="Runs Cucumber Feature" data-provider="features" finished-at="2021-03-30T17:05:25 IST" duration-ms="19833" status="PASS">
          <params>
            <param index="0">
              <value>
                <![CDATA[QT testcase]]>
              </value>
            </param>
          </params>
          <reporter-output>
          </reporter-output>
        </test-method> <!-- feature -->
        <test-method is-config="true" signature="tearDownClass()[pri:0, instance:cucumberOptions.TestRunner@581ac8a8]" started-at="2021-03-30T17:05:25 IST" name="tearDownClass" finished-at="2021-03-30T17:05:25 IST" duration-ms="9" status="PASS">
          <reporter-output>
          </reporter-output>
        </test-method> <!-- tearDownClass -->
      </class> <!-- cucumberOptions.TestRunner -->
    </test> <!-- Set A -->
  </suite> <!-- Suite -->
</testng-results>
